Info: Starting: Create block symbol file (.bsf)
Info: ip-generate --project-directory=D:/speccy/my1/ --output-directory=D:/speccy/my1/embcpumem/ --report-file=bsf:D:/speccy/my1/embcpumem.bsf --system-info=DEVICE_FAMILY="Cyclone II" --system-info=DEVICE=EP2C8Q208C8 --system-info=DEVICE_SPEEDGRADE=8 --component-file=D:/speccy/my1/embcpumem.qsys
Progress: Loading my1/embcpumem.qsys
Progress: Reading input file
Progress: Adding clk_0 [clock_source 13.0]
Progress: Parameterizing module clk_0
Progress: Adding nios2_qsys_0 [altera_nios2_qsys 13.0]
Progress: Parameterizing module nios2_qsys_0
Progress: Adding onchip_memory2_0 [altera_avalon_onchip_memory2 13.0.1.99.2]
Progress: Parameterizing module onchip_memory2_0
Progress: Adding new_sdram_controller_0 [altera_avalon_new_sdram_controller 13.0.1.99.2]
Progress: Parameterizing module new_sdram_controller_0
Progress: Adding clock_bridge_0 [altera_clock_bridge 13.0]
Progress: Parameterizing module clock_bridge_0
Progress: Adding direct_vga_0 [direct_vga 1.0]
Progress: Parameterizing module direct_vga_0
Progress: Building connections
Progress: Parameterizing connections
Progress: Validating
Progress: Done reading input file
Info: ip-generate succeeded.
Info: Finished: Create block symbol file (.bsf)
Info: 
Info: Starting: Create HDL design files for synthesis
Info: ip-generate --project-directory=D:/speccy/my1/ --output-directory=D:/speccy/my1/embcpumem/synthesis/ --file-set=QUARTUS_SYNTH --report-file=sopcinfo:D:/speccy/my1/embcpumem.sopcinfo --report-file=html:D:/speccy/my1/embcpumem.html --report-file=qip:D:/speccy/my1/embcpumem/synthesis/embcpumem.qip --report-file=cmp:D:/speccy/my1/embcpumem.cmp --report-file=svd --system-info=DEVICE_FAMILY="Cyclone II" --system-info=DEVICE=EP2C8Q208C8 --system-info=DEVICE_SPEEDGRADE=8 --component-file=D:/speccy/my1/embcpumem.qsys --language=VHDL
Progress: Loading my1/embcpumem.qsys
Progress: Reading input file
Progress: Adding clk_0 [clock_source 13.0]
Progress: Parameterizing module clk_0
Progress: Adding nios2_qsys_0 [altera_nios2_qsys 13.0]
Progress: Parameterizing module nios2_qsys_0
Progress: Adding onchip_memory2_0 [altera_avalon_onchip_memory2 13.0.1.99.2]
Progress: Parameterizing module onchip_memory2_0
Progress: Adding new_sdram_controller_0 [altera_avalon_new_sdram_controller 13.0.1.99.2]
Progress: Parameterizing module new_sdram_controller_0
Progress: Adding clock_bridge_0 [altera_clock_bridge 13.0]
Progress: Parameterizing module clock_bridge_0
Progress: Adding direct_vga_0 [direct_vga 1.0]
Progress: Parameterizing module direct_vga_0
Progress: Building connections
Progress: Parameterizing connections
Progress: Validating
Progress: Done reading input file
Info: embcpumem: Generating embcpumem "embcpumem" for QUARTUS_SYNTH
Info: pipeline_bridge_swap_transform: After transform: 6 modules, 15 connections
Info: No custom instruction connections, skipping transform 
Info: merlin_translator_transform: After transform: 12 modules, 33 connections
Info: merlin_domain_transform: After transform: 24 modules, 92 connections
Info: merlin_router_transform: After transform: 30 modules, 110 connections
Info: merlin_burst_transform: After transform: 31 modules, 113 connections
Info: reset_adaptation_transform: After transform: 32 modules, 115 connections
Info: merlin_network_to_switch_transform: After transform: 43 modules, 139 connections
Info: merlin_width_transform: After transform: 45 modules, 145 connections
Info: merlin_mm_transform: After transform: 45 modules, 145 connections
Info: merlin_interrupt_mapper_transform: After transform: 46 modules, 148 connections
Warning: embcpumem: "No matching role found for rst_controller:reset_out:reset_req (reset_req)"
Warning: embcpumem: "No matching role found for rst_controller:reset_out:reset_req (reset_req)"
Warning: embcpumem: "No matching role found for rst_controller:reset_out:reset_req (reset_req)"
Warning: embcpumem: "No matching role found for rst_controller:reset_out:reset_req (reset_req)"
Warning: embcpumem: "No matching role found for rst_controller:reset_out:reset_req (reset_req)"
Warning: embcpumem: "No matching role found for rst_controller:reset_out:reset_req (reset_req)"
Warning: embcpumem: "No matching role found for rst_controller:reset_out:reset_req (reset_req)"
Warning: embcpumem: "No matching role found for rst_controller:reset_out:reset_req (reset_req)"
Warning: embcpumem: "No matching role found for rst_controller:reset_out:reset_req (reset_req)"
Warning: embcpumem: "No matching role found for rst_controller:reset_out:reset_req (reset_req)"
Warning: embcpumem: "No matching role found for rst_controller:reset_out:reset_req (reset_req)"
Warning: embcpumem: "No matching role found for rst_controller:reset_out:reset_req (reset_req)"
Warning: embcpumem: "No matching role found for rst_controller:reset_out:reset_req (reset_req)"
Warning: embcpumem: "No matching role found for rst_controller:reset_out:reset_req (reset_req)"
Warning: embcpumem: "No matching role found for rst_controller:reset_out:reset_req (reset_req)"
Warning: embcpumem: "No matching role found for rst_controller:reset_out:reset_req (reset_req)"
Warning: embcpumem: "No matching role found for rst_controller:reset_out:reset_req (reset_req)"
Warning: embcpumem: "No matching role found for rst_controller:reset_out:reset_req (reset_req)"
Warning: embcpumem: "No matching role found for rst_controller:reset_out:reset_req (reset_req)"
Warning: embcpumem: "No matching role found for rst_controller:reset_out:reset_req (reset_req)"
Warning: embcpumem: "No matching role found for rst_controller:reset_out:reset_req (reset_req)"
Warning: embcpumem: "No matching role found for rst_controller:reset_out:reset_req (reset_req)"
Warning: embcpumem: "No matching role found for rst_controller:reset_out:reset_req (reset_req)"
Warning: embcpumem: "No matching role found for rst_controller:reset_out:reset_req (reset_req)"
Warning: embcpumem: "No matching role found for rst_controller:reset_out:reset_req (reset_req)"
Warning: embcpumem: "No matching role found for rst_controller:reset_out:reset_req (reset_req)"
Warning: embcpumem: "No matching role found for rst_controller:reset_out:reset_req (reset_req)"
Warning: embcpumem: "No matching role found for rst_controller:reset_out:reset_req (reset_req)"
Warning: embcpumem: "No matching role found for rst_controller:reset_out:reset_req (reset_req)"
Warning: embcpumem: "No matching role found for rst_controller:reset_out:reset_req (reset_req)"
Warning: embcpumem: "No matching role found for rst_controller:reset_out:reset_req (reset_req)"
Warning: embcpumem: "No matching role found for rst_controller:reset_out:reset_req (reset_req)"
Warning: embcpumem: "No matching role found for rst_controller:reset_out:reset_req (reset_req)"
Warning: embcpumem: "No matching role found for rst_controller:reset_out:reset_req (reset_req)"
Warning: embcpumem: "No matching role found for rst_controller:reset_out:reset_req (reset_req)"
Warning: embcpumem: "No matching role found for rst_controller:reset_out:reset_req (reset_req)"
Warning: embcpumem: "No matching role found for rst_controller:reset_out:reset_req (reset_req)"
Warning: embcpumem: "No matching role found for rst_controller:reset_out:reset_req (reset_req)"
Warning: embcpumem: "No matching role found for rst_controller:reset_out:reset_req (reset_req)"
Warning: embcpumem: "No matching role found for rst_controller:reset_out:reset_req (reset_req)"
Warning: embcpumem: "No matching role found for rst_controller:reset_out:reset_req (reset_req)"
Warning: embcpumem: "No matching role found for rst_controller:reset_out:reset_req (reset_req)"
Info: nios2_qsys_0: Starting RTL generation for module 'embcpumem_nios2_qsys_0'
Info: nios2_qsys_0:   Generation command is [exec C:/altera/13.0sp1/quartus/../ip/altera/nios2_ip/altera_nios2/eperl.exe -I C:/altera/13.0sp1/quartus/common/ip/altera/common/perl/5.8.3 -I C:/altera/13.0sp1/quartus/sopc_builder/bin/europa -I C:/altera/13.0sp1/quartus/sopc_builder/bin/perl_lib -I C:/altera/13.0sp1/quartus/sopc_builder/bin -I C:/altera/13.0sp1/quartus/../ip/altera/nios2_ip/altera_nios2/cpu_lib -I C:/altera/13.0sp1/quartus/../ip/altera/nios2_ip/altera_nios2/nios_lib -I C:/altera/13.0sp1/quartus/../ip/altera/nios2_ip/altera_nios2 -I C:/altera/13.0sp1/quartus/../ip/altera/nios2_ip/altera_nios2 -- C:/altera/13.0sp1/quartus/../ip/altera/nios2_ip/altera_nios2/generate_rtl.epl --name=embcpumem_nios2_qsys_0 --dir=C:/Users/SERGIY~1/AppData/Local/Temp/alt7281_2881019808545131036.dir/0116_nios2_qsys_0_gen/ --quartus_dir=C:/altera/13.0sp1/quartus --verilog --config=C:/Users/SERGIY~1/AppData/Local/Temp/alt7281_2881019808545131036.dir/0116_nios2_qsys_0_gen//embcpumem_nios2_qsys_0_processor_configuration.pl  --do_build_sim=0    --bogus  ]
Info: nios2_qsys_0: # 2017.04.25 20:18:08 (*) Starting Nios II generation
Info: nios2_qsys_0: # 2017.04.25 20:18:08 (*)   Checking for plaintext license.
Info: nios2_qsys_0: # 2017.04.25 20:18:08 (*)   Couldn't query license setup in Quartus directory C:/altera/13.0sp1/quartus
Info: nios2_qsys_0: # 2017.04.25 20:18:08 (*)   Defaulting to contents of LM_LICENSE_FILE environment variable
Info: nios2_qsys_0: # 2017.04.25 20:18:08 (*)   LM_LICENSE_FILE environment variable is empty
Info: nios2_qsys_0: # 2017.04.25 20:18:08 (*)   Plaintext license not found.
Info: nios2_qsys_0: # 2017.04.25 20:18:08 (*)   No license required to generate encrypted Nios II/e.
Info: nios2_qsys_0: # 2017.04.25 20:18:08 (*)   Elaborating CPU configuration settings
Info: nios2_qsys_0: # 2017.04.25 20:18:08 (*)   Creating all objects for CPU
Info: nios2_qsys_0: # 2017.04.25 20:18:09 (*)   Generating RTL from CPU objects
Info: nios2_qsys_0: # 2017.04.25 20:18:09 (*)   Creating plain-text RTL
Info: nios2_qsys_0: # 2017.04.25 20:18:12 (*) Done Nios II generation
Info: nios2_qsys_0: Done RTL generation for module 'embcpumem_nios2_qsys_0'
Info: nios2_qsys_0: "embcpumem" instantiated altera_nios2_qsys "nios2_qsys_0"
Info: onchip_memory2_0: Starting RTL generation for module 'embcpumem_onchip_memory2_0'
Info: onchip_memory2_0:   Generation command is [exec C:/altera/13.0sp1/quartus/bin/perl/bin/perl.exe -I C:/altera/13.0sp1/quartus/common/ip/altera/common/perl/5.8.3 -I C:/altera/13.0sp1/quartus/sopc_builder/bin/europa -I C:/altera/13.0sp1/quartus/sopc_builder/bin/perl_lib -I C:/altera/13.0sp1/quartus/sopc_builder/bin -I C:/altera/13.0sp1/quartus/../ip/altera/sopc_builder_ip/common -I C:/altera/13.0sp1/quartus/../ip/altera/sopc_builder_ip/altera_avalon_onchip_memory2 -- C:/altera/13.0sp1/quartus/../ip/altera/sopc_builder_ip/altera_avalon_onchip_memory2/generate_rtl.pl --name=embcpumem_onchip_memory2_0 --dir=C:/Users/SERGIY~1/AppData/Local/Temp/alt7281_2881019808545131036.dir/0117_onchip_memory2_0_gen/ --quartus_dir=C:/altera/13.0sp1/quartus --verilog --config=C:/Users/SERGIY~1/AppData/Local/Temp/alt7281_2881019808545131036.dir/0117_onchip_memory2_0_gen//embcpumem_onchip_memory2_0_component_configuration.pl  --do_build_sim=0  ]
Info: onchip_memory2_0: Done RTL generation for module 'embcpumem_onchip_memory2_0'
Info: onchip_memory2_0: "embcpumem" instantiated altera_avalon_onchip_memory2 "onchip_memory2_0"
Info: new_sdram_controller_0: Starting RTL generation for module 'embcpumem_new_sdram_controller_0'
Info: new_sdram_controller_0:   Generation command is [exec C:/altera/13.0sp1/quartus/bin/perl/bin/perl.exe -I C:/altera/13.0sp1/quartus/common/ip/altera/common/perl/5.8.3 -I C:/altera/13.0sp1/quartus/sopc_builder/bin/europa -I C:/altera/13.0sp1/quartus/sopc_builder/bin/perl_lib -I C:/altera/13.0sp1/quartus/sopc_builder/bin -I C:/altera/13.0sp1/quartus/../ip/altera/sopc_builder_ip/common -I C:/altera/13.0sp1/quartus/../ip/altera/sopc_builder_ip/altera_avalon_new_sdram_controller -- C:/altera/13.0sp1/quartus/../ip/altera/sopc_builder_ip/altera_avalon_new_sdram_controller/generate_rtl.pl --name=embcpumem_new_sdram_controller_0 --dir=C:/Users/SERGIY~1/AppData/Local/Temp/alt7281_2881019808545131036.dir/0118_new_sdram_controller_0_gen/ --quartus_dir=C:/altera/13.0sp1/quartus --verilog --config=C:/Users/SERGIY~1/AppData/Local/Temp/alt7281_2881019808545131036.dir/0118_new_sdram_controller_0_gen//embcpumem_new_sdram_controller_0_component_configuration.pl  --do_build_sim=0  ]
Info: new_sdram_controller_0: Done RTL generation for module 'embcpumem_new_sdram_controller_0'
Info: new_sdram_controller_0: "embcpumem" instantiated altera_avalon_new_sdram_controller "new_sdram_controller_0"
Info: direct_vga_0: "embcpumem" instantiated direct_vga "direct_vga_0"
Info: nios2_qsys_0_instruction_master_translator: "embcpumem" instantiated altera_merlin_master_translator "nios2_qsys_0_instruction_master_translator"
Info: nios2_qsys_0_jtag_debug_module_translator: "embcpumem" instantiated altera_merlin_slave_translator "nios2_qsys_0_jtag_debug_module_translator"
Info: nios2_qsys_0_instruction_master_translator_avalon_universal_master_0_agent: "embcpumem" instantiated altera_merlin_master_agent "nios2_qsys_0_instruction_master_translator_avalon_universal_master_0_agent"
Info: nios2_qsys_0_jtag_debug_module_translator_avalon_universal_slave_0_agent: "embcpumem" instantiated altera_merlin_slave_agent "nios2_qsys_0_jtag_debug_module_translator_avalon_universal_slave_0_agent"
Info: nios2_qsys_0_jtag_debug_module_translator_avalon_universal_slave_0_agent_rsp_fifo: "embcpumem" instantiated altera_avalon_sc_fifo "nios2_qsys_0_jtag_debug_module_translator_avalon_universal_slave_0_agent_rsp_fifo"
Info: addr_router: "embcpumem" instantiated altera_merlin_router "addr_router"
Info: addr_router_001: "embcpumem" instantiated altera_merlin_router "addr_router_001"
Info: id_router: "embcpumem" instantiated altera_merlin_router "id_router"
Info: id_router_002: "embcpumem" instantiated altera_merlin_router "id_router_002"
Info: id_router_003: "embcpumem" instantiated altera_merlin_router "id_router_003"
Info: burst_adapter: "embcpumem" instantiated altera_merlin_burst_adapter "burst_adapter"
Info: rst_controller: "embcpumem" instantiated altera_reset_controller "rst_controller"
Info: cmd_xbar_demux: "embcpumem" instantiated altera_merlin_demultiplexer "cmd_xbar_demux"
Info: cmd_xbar_demux_001: "embcpumem" instantiated altera_merlin_demultiplexer "cmd_xbar_demux_001"
Info: cmd_xbar_mux: "embcpumem" instantiated altera_merlin_multiplexer "cmd_xbar_mux"
Info: rsp_xbar_demux_002: "embcpumem" instantiated altera_merlin_demultiplexer "rsp_xbar_demux_002"
Info: rsp_xbar_mux: "embcpumem" instantiated altera_merlin_multiplexer "rsp_xbar_mux"
Info: Reusing file D:/speccy/my1/embcpumem/synthesis/submodules/altera_merlin_arbitrator.sv
Info: rsp_xbar_mux_001: "embcpumem" instantiated altera_merlin_multiplexer "rsp_xbar_mux_001"
Info: Reusing file D:/speccy/my1/embcpumem/synthesis/submodules/altera_merlin_arbitrator.sv
Info: width_adapter: "embcpumem" instantiated altera_merlin_width_adapter "width_adapter"
Info: Reusing file D:/speccy/my1/embcpumem/synthesis/submodules/altera_merlin_address_alignment.sv
Info: Reusing file D:/speccy/my1/embcpumem/synthesis/submodules/altera_merlin_burst_uncompressor.sv
Info: irq_mapper: "embcpumem" instantiated altera_irq_mapper "irq_mapper"
Info: embcpumem: Done embcpumem" with 25 modules, 96 files, 2150418 bytes
Info: ip-generate succeeded.
Info: Finished: Create HDL design files for synthesis
