Info: Starting: Create block symbol file (.bsf)
Info: ip-generate --project-directory=D:/speccy/my1/ --output-directory=D:/speccy/my1/embcpu8k/ --report-file=bsf:D:/speccy/my1/embcpu8k.bsf --system-info=DEVICE_FAMILY="Cyclone II" --system-info=DEVICE=EP2C8Q208C8 --system-info=DEVICE_SPEEDGRADE=8 --component-file=D:/speccy/my1/embcpu8k.qsys
Progress: Loading my1/embcpu8k.qsys
Progress: Reading input file
Progress: Adding clk_0 [clock_source 13.0]
Progress: Parameterizing module clk_0
Progress: Adding nios2_qsys_0 [altera_nios2_qsys 13.0]
Progress: Parameterizing module nios2_qsys_0
Progress: Adding onchip_memory2_0 [altera_avalon_onchip_memory2 13.0.1.99.2]
Progress: Parameterizing module onchip_memory2_0
Progress: Adding pio_0 [altera_avalon_pio 13.0.1.99.2]
Progress: Parameterizing module pio_0
Progress: Building connections
Progress: Parameterizing connections
Progress: Validating
Progress: Done reading input file
Info: ip-generate succeeded.
Info: Finished: Create block symbol file (.bsf)
Info: 
Info: Starting: Create HDL design files for synthesis
Info: ip-generate --project-directory=D:/speccy/my1/ --output-directory=D:/speccy/my1/embcpu8k/synthesis/ --file-set=QUARTUS_SYNTH --report-file=sopcinfo:D:/speccy/my1/embcpu8k.sopcinfo --report-file=html:D:/speccy/my1/embcpu8k.html --report-file=qip:D:/speccy/my1/embcpu8k/synthesis/embcpu8k.qip --report-file=cmp:D:/speccy/my1/embcpu8k.cmp --report-file=svd --system-info=DEVICE_FAMILY="Cyclone II" --system-info=DEVICE=EP2C8Q208C8 --system-info=DEVICE_SPEEDGRADE=8 --component-file=D:/speccy/my1/embcpu8k.qsys --language=VHDL
Progress: Loading my1/embcpu8k.qsys
Progress: Reading input file
Progress: Adding clk_0 [clock_source 13.0]
Progress: Parameterizing module clk_0
Progress: Adding nios2_qsys_0 [altera_nios2_qsys 13.0]
Progress: Parameterizing module nios2_qsys_0
Progress: Adding onchip_memory2_0 [altera_avalon_onchip_memory2 13.0.1.99.2]
Progress: Parameterizing module onchip_memory2_0
Progress: Adding pio_0 [altera_avalon_pio 13.0.1.99.2]
Progress: Parameterizing module pio_0
Progress: Building connections
Progress: Parameterizing connections
Progress: Validating
Progress: Done reading input file
Info: embcpu8k: Generating embcpu8k "embcpu8k" for QUARTUS_SYNTH
Info: pipeline_bridge_swap_transform: After transform: 4 modules, 12 connections
Info: No custom instruction connections, skipping transform 
Info: merlin_translator_transform: After transform: 9 modules, 27 connections
Info: merlin_domain_transform: After transform: 18 modules, 71 connections
Info: merlin_router_transform: After transform: 23 modules, 86 connections
Info: reset_adaptation_transform: After transform: 24 modules, 88 connections
Info: merlin_network_to_switch_transform: After transform: 33 modules, 110 connections
Info: merlin_mm_transform: After transform: 33 modules, 110 connections
Info: merlin_interrupt_mapper_transform: After transform: 34 modules, 113 connections
Warning: embcpu8k: "No matching role found for rst_controller:reset_out:reset_req (reset_req)"
Warning: embcpu8k: "No matching role found for rst_controller:reset_out:reset_req (reset_req)"
Warning: embcpu8k: "No matching role found for rst_controller:reset_out:reset_req (reset_req)"
Warning: embcpu8k: "No matching role found for rst_controller:reset_out:reset_req (reset_req)"
Warning: embcpu8k: "No matching role found for rst_controller:reset_out:reset_req (reset_req)"
Warning: embcpu8k: "No matching role found for rst_controller:reset_out:reset_req (reset_req)"
Warning: embcpu8k: "No matching role found for rst_controller:reset_out:reset_req (reset_req)"
Warning: embcpu8k: "No matching role found for rst_controller:reset_out:reset_req (reset_req)"
Warning: embcpu8k: "No matching role found for rst_controller:reset_out:reset_req (reset_req)"
Warning: embcpu8k: "No matching role found for rst_controller:reset_out:reset_req (reset_req)"
Warning: embcpu8k: "No matching role found for rst_controller:reset_out:reset_req (reset_req)"
Warning: embcpu8k: "No matching role found for rst_controller:reset_out:reset_req (reset_req)"
Warning: embcpu8k: "No matching role found for rst_controller:reset_out:reset_req (reset_req)"
Warning: embcpu8k: "No matching role found for rst_controller:reset_out:reset_req (reset_req)"
Warning: embcpu8k: "No matching role found for rst_controller:reset_out:reset_req (reset_req)"
Warning: embcpu8k: "No matching role found for rst_controller:reset_out:reset_req (reset_req)"
Warning: embcpu8k: "No matching role found for rst_controller:reset_out:reset_req (reset_req)"
Warning: embcpu8k: "No matching role found for rst_controller:reset_out:reset_req (reset_req)"
Warning: embcpu8k: "No matching role found for rst_controller:reset_out:reset_req (reset_req)"
Warning: embcpu8k: "No matching role found for rst_controller:reset_out:reset_req (reset_req)"
Warning: embcpu8k: "No matching role found for rst_controller:reset_out:reset_req (reset_req)"
Warning: embcpu8k: "No matching role found for rst_controller:reset_out:reset_req (reset_req)"
Warning: embcpu8k: "No matching role found for rst_controller:reset_out:reset_req (reset_req)"
Warning: embcpu8k: "No matching role found for rst_controller:reset_out:reset_req (reset_req)"
Warning: embcpu8k: "No matching role found for rst_controller:reset_out:reset_req (reset_req)"
Warning: embcpu8k: "No matching role found for rst_controller:reset_out:reset_req (reset_req)"
Warning: embcpu8k: "No matching role found for rst_controller:reset_out:reset_req (reset_req)"
Warning: embcpu8k: "No matching role found for rst_controller:reset_out:reset_req (reset_req)"
Warning: embcpu8k: "No matching role found for rst_controller:reset_out:reset_req (reset_req)"
Warning: embcpu8k: "No matching role found for rst_controller:reset_out:reset_req (reset_req)"
Warning: embcpu8k: "No matching role found for rst_controller:reset_out:reset_req (reset_req)"
Info: nios2_qsys_0: Starting RTL generation for module 'embcpu8k_nios2_qsys_0'
Info: nios2_qsys_0:   Generation command is [exec C:/altera/13.0sp1/quartus/../ip/altera/nios2_ip/altera_nios2/eperl.exe -I C:/altera/13.0sp1/quartus/common/ip/altera/common/perl/5.8.3 -I C:/altera/13.0sp1/quartus/sopc_builder/bin/europa -I C:/altera/13.0sp1/quartus/sopc_builder/bin/perl_lib -I C:/altera/13.0sp1/quartus/sopc_builder/bin -I C:/altera/13.0sp1/quartus/../ip/altera/nios2_ip/altera_nios2/cpu_lib -I C:/altera/13.0sp1/quartus/../ip/altera/nios2_ip/altera_nios2/nios_lib -I C:/altera/13.0sp1/quartus/../ip/altera/nios2_ip/altera_nios2 -I C:/altera/13.0sp1/quartus/../ip/altera/nios2_ip/altera_nios2 -- C:/altera/13.0sp1/quartus/../ip/altera/nios2_ip/altera_nios2/generate_rtl.epl --name=embcpu8k_nios2_qsys_0 --dir=C:/Users/SERGIY~1/AppData/Local/Temp/alt7269_3126171517367171363.dir/0061_nios2_qsys_0_gen/ --quartus_dir=C:/altera/13.0sp1/quartus --verilog --config=C:/Users/SERGIY~1/AppData/Local/Temp/alt7269_3126171517367171363.dir/0061_nios2_qsys_0_gen//embcpu8k_nios2_qsys_0_processor_configuration.pl  --do_build_sim=0    --bogus  ]
Info: nios2_qsys_0: # 2017.04.13 16:54:52 (*) Starting Nios II generation
Info: nios2_qsys_0: # 2017.04.13 16:54:52 (*)   Checking for plaintext license.
Info: nios2_qsys_0: # 2017.04.13 16:54:52 (*)   Couldn't query license setup in Quartus directory C:/altera/13.0sp1/quartus
Info: nios2_qsys_0: # 2017.04.13 16:54:52 (*)   Defaulting to contents of LM_LICENSE_FILE environment variable
Info: nios2_qsys_0: # 2017.04.13 16:54:52 (*)   LM_LICENSE_FILE environment variable is empty
Info: nios2_qsys_0: # 2017.04.13 16:54:52 (*)   Plaintext license not found.
Info: nios2_qsys_0: # 2017.04.13 16:54:52 (*)   No license required to generate encrypted Nios II/e.
Info: nios2_qsys_0: # 2017.04.13 16:54:52 (*)   Elaborating CPU configuration settings
Info: nios2_qsys_0: # 2017.04.13 16:54:53 (*)   Creating all objects for CPU
Info: nios2_qsys_0: # 2017.04.13 16:54:55 (*)   Generating RTL from CPU objects
Info: nios2_qsys_0: # 2017.04.13 16:54:55 (*)   Creating plain-text RTL
Info: nios2_qsys_0: # 2017.04.13 16:54:59 (*) Done Nios II generation
Info: nios2_qsys_0: Done RTL generation for module 'embcpu8k_nios2_qsys_0'
Info: nios2_qsys_0: "embcpu8k" instantiated altera_nios2_qsys "nios2_qsys_0"
Info: onchip_memory2_0: Starting RTL generation for module 'embcpu8k_onchip_memory2_0'
Info: onchip_memory2_0:   Generation command is [exec C:/altera/13.0sp1/quartus/bin/perl/bin/perl.exe -I C:/altera/13.0sp1/quartus/common/ip/altera/common/perl/5.8.3 -I C:/altera/13.0sp1/quartus/sopc_builder/bin/europa -I C:/altera/13.0sp1/quartus/sopc_builder/bin/perl_lib -I C:/altera/13.0sp1/quartus/sopc_builder/bin -I C:/altera/13.0sp1/quartus/../ip/altera/sopc_builder_ip/common -I C:/altera/13.0sp1/quartus/../ip/altera/sopc_builder_ip/altera_avalon_onchip_memory2 -- C:/altera/13.0sp1/quartus/../ip/altera/sopc_builder_ip/altera_avalon_onchip_memory2/generate_rtl.pl --name=embcpu8k_onchip_memory2_0 --dir=C:/Users/SERGIY~1/AppData/Local/Temp/alt7269_3126171517367171363.dir/0062_onchip_memory2_0_gen/ --quartus_dir=C:/altera/13.0sp1/quartus --verilog --config=C:/Users/SERGIY~1/AppData/Local/Temp/alt7269_3126171517367171363.dir/0062_onchip_memory2_0_gen//embcpu8k_onchip_memory2_0_component_configuration.pl  --do_build_sim=0  ]
Info: onchip_memory2_0: Done RTL generation for module 'embcpu8k_onchip_memory2_0'
Info: onchip_memory2_0: "embcpu8k" instantiated altera_avalon_onchip_memory2 "onchip_memory2_0"
Info: pio_0: Starting RTL generation for module 'embcpu8k_pio_0'
Info: pio_0:   Generation command is [exec C:/altera/13.0sp1/quartus/bin/perl/bin/perl.exe -I C:/altera/13.0sp1/quartus/common/ip/altera/common/perl/5.8.3 -I C:/altera/13.0sp1/quartus/sopc_builder/bin/europa -I C:/altera/13.0sp1/quartus/sopc_builder/bin/perl_lib -I C:/altera/13.0sp1/quartus/sopc_builder/bin -I C:/altera/13.0sp1/quartus/../ip/altera/sopc_builder_ip/common -I C:/altera/13.0sp1/quartus/../ip/altera/sopc_builder_ip/altera_avalon_pio -- C:/altera/13.0sp1/quartus/../ip/altera/sopc_builder_ip/altera_avalon_pio/generate_rtl.pl --name=embcpu8k_pio_0 --dir=C:/Users/SERGIY~1/AppData/Local/Temp/alt7269_3126171517367171363.dir/0063_pio_0_gen/ --quartus_dir=C:/altera/13.0sp1/quartus --verilog --config=C:/Users/SERGIY~1/AppData/Local/Temp/alt7269_3126171517367171363.dir/0063_pio_0_gen//embcpu8k_pio_0_component_configuration.pl  --do_build_sim=0  ]
Info: pio_0: Done RTL generation for module 'embcpu8k_pio_0'
Info: pio_0: "embcpu8k" instantiated altera_avalon_pio "pio_0"
Info: nios2_qsys_0_instruction_master_translator: "embcpu8k" instantiated altera_merlin_master_translator "nios2_qsys_0_instruction_master_translator"
Info: nios2_qsys_0_jtag_debug_module_translator: "embcpu8k" instantiated altera_merlin_slave_translator "nios2_qsys_0_jtag_debug_module_translator"
Info: nios2_qsys_0_instruction_master_translator_avalon_universal_master_0_agent: "embcpu8k" instantiated altera_merlin_master_agent "nios2_qsys_0_instruction_master_translator_avalon_universal_master_0_agent"
Info: nios2_qsys_0_jtag_debug_module_translator_avalon_universal_slave_0_agent: "embcpu8k" instantiated altera_merlin_slave_agent "nios2_qsys_0_jtag_debug_module_translator_avalon_universal_slave_0_agent"
Info: nios2_qsys_0_jtag_debug_module_translator_avalon_universal_slave_0_agent_rsp_fifo: "embcpu8k" instantiated altera_avalon_sc_fifo "nios2_qsys_0_jtag_debug_module_translator_avalon_universal_slave_0_agent_rsp_fifo"
Info: addr_router: "embcpu8k" instantiated altera_merlin_router "addr_router"
Info: id_router: "embcpu8k" instantiated altera_merlin_router "id_router"
Info: rst_controller: "embcpu8k" instantiated altera_reset_controller "rst_controller"
Info: cmd_xbar_demux: "embcpu8k" instantiated altera_merlin_demultiplexer "cmd_xbar_demux"
Info: cmd_xbar_mux: "embcpu8k" instantiated altera_merlin_multiplexer "cmd_xbar_mux"
Info: rsp_xbar_demux: "embcpu8k" instantiated altera_merlin_demultiplexer "rsp_xbar_demux"
Info: rsp_xbar_mux: "embcpu8k" instantiated altera_merlin_multiplexer "rsp_xbar_mux"
Info: Reusing file D:/speccy/my1/embcpu8k/synthesis/submodules/altera_merlin_arbitrator.sv
Info: irq_mapper: "embcpu8k" instantiated altera_irq_mapper "irq_mapper"
Info: embcpu8k: Done embcpu8k" with 17 modules, 63 files, 1223652 bytes
Info: ip-generate succeeded.
Info: Finished: Create HDL design files for synthesis
