Info: Starting: Create block symbol file (.bsf)
Info: ip-generate --project-directory=D:/speccy/my1/ --output-directory=D:/speccy/my1/embcpumem/ --report-file=bsf:D:/speccy/my1/embcpumem.bsf --system-info=DEVICE_FAMILY="Cyclone II" --system-info=DEVICE=EP2C8Q208C8 --system-info=DEVICE_SPEEDGRADE=8 --component-file=D:/speccy/my1/embcpumem.qsys
Progress: Loading my1/embcpumem.qsys
Progress: Reading input file
Progress: Adding clk_0 [clock_source 13.0]
Progress: Parameterizing module clk_0
Progress: Adding nios2_qsys_0 [altera_nios2_qsys 13.0]
Progress: Parameterizing module nios2_qsys_0
Progress: Adding onchip_memory2_0 [altera_avalon_onchip_memory2 13.0.1.99.2]
Progress: Parameterizing module onchip_memory2_0
Progress: Adding new_sdram_controller_0 [altera_avalon_new_sdram_controller 13.0.1.99.2]
Progress: Parameterizing module new_sdram_controller_0
Progress: Adding simple_vga_0 [simple_vga 1.0]
Progress: Parameterizing module simple_vga_0
Progress: Adding pio_0 [altera_avalon_pio 13.0.1.99.2]
Progress: Parameterizing module pio_0
Progress: Building connections
Progress: Parameterizing connections
Progress: Validating
Progress: Done reading input file
Info: ip-generate succeeded.
Info: Finished: Create block symbol file (.bsf)
Info: 
Info: Starting: Create HDL design files for synthesis
Info: ip-generate --project-directory=D:/speccy/my1/ --output-directory=D:/speccy/my1/embcpumem/synthesis/ --file-set=QUARTUS_SYNTH --report-file=sopcinfo:D:/speccy/my1/embcpumem.sopcinfo --report-file=html:D:/speccy/my1/embcpumem.html --report-file=qip:D:/speccy/my1/embcpumem/synthesis/embcpumem.qip --report-file=cmp:D:/speccy/my1/embcpumem.cmp --report-file=svd --system-info=DEVICE_FAMILY="Cyclone II" --system-info=DEVICE=EP2C8Q208C8 --system-info=DEVICE_SPEEDGRADE=8 --component-file=D:/speccy/my1/embcpumem.qsys --language=VHDL
Progress: Loading my1/embcpumem.qsys
Progress: Reading input file
Progress: Adding clk_0 [clock_source 13.0]
Progress: Parameterizing module clk_0
Progress: Adding nios2_qsys_0 [altera_nios2_qsys 13.0]
Progress: Parameterizing module nios2_qsys_0
Progress: Adding onchip_memory2_0 [altera_avalon_onchip_memory2 13.0.1.99.2]
Progress: Parameterizing module onchip_memory2_0
Progress: Adding new_sdram_controller_0 [altera_avalon_new_sdram_controller 13.0.1.99.2]
Progress: Parameterizing module new_sdram_controller_0
Progress: Adding simple_vga_0 [simple_vga 1.0]
Progress: Parameterizing module simple_vga_0
Progress: Adding pio_0 [altera_avalon_pio 13.0.1.99.2]
Progress: Parameterizing module pio_0
Progress: Building connections
Progress: Parameterizing connections
Progress: Validating
Progress: Done reading input file
Info: embcpumem: Generating embcpumem "embcpumem" for QUARTUS_SYNTH
Info: pipeline_bridge_swap_transform: After transform: 6 modules, 16 connections
Info: No custom instruction connections, skipping transform 
Info: merlin_translator_transform: After transform: 12 modules, 34 connections
Info: merlin_domain_transform: After transform: 24 modules, 93 connections
Info: merlin_router_transform: After transform: 30 modules, 111 connections
Info: merlin_burst_transform: After transform: 31 modules, 114 connections
Error: Cannot find clock for simple_vga_0.clock_sink. If simple_vga_0.clock_sink is exported please use a clock bridge and reset bridge instead of a clock source. Reset synchronizer, rst_controller_001, may not function if not connected to a clock source. To rectify this error a clock must be manually attached to the clock port of rst_controller_001 in the generated RTL.
Info: reset_adaptation_transform: After transform: 33 modules, 117 connections
Info: merlin_network_to_switch_transform: After transform: 44 modules, 141 connections
Info: merlin_width_transform: After transform: 46 modules, 147 connections
Info: merlin_mm_transform: After transform: 46 modules, 147 connections
Info: merlin_interrupt_mapper_transform: After transform: 47 modules, 150 connections
Warning: embcpumem: "No matching role found for rst_controller:reset_out:reset_req (reset_req)"
Warning: embcpumem: "No matching role found for rst_controller:reset_out:reset_req (reset_req)"
Warning: embcpumem: "No matching role found for rst_controller:reset_out:reset_req (reset_req)"
Warning: embcpumem: "No matching role found for rst_controller:reset_out:reset_req (reset_req)"
Warning: embcpumem: "No matching role found for rst_controller:reset_out:reset_req (reset_req)"
Warning: embcpumem: "No matching role found for rst_controller:reset_out:reset_req (reset_req)"
Warning: embcpumem: "No matching role found for rst_controller:reset_out:reset_req (reset_req)"
Warning: embcpumem: "No matching role found for rst_controller:reset_out:reset_req (reset_req)"
Warning: embcpumem: "No matching role found for rst_controller:reset_out:reset_req (reset_req)"
Warning: embcpumem: "No matching role found for rst_controller:reset_out:reset_req (reset_req)"
Warning: embcpumem: "No matching role found for rst_controller:reset_out:reset_req (reset_req)"
Warning: embcpumem: "No matching role found for rst_controller:reset_out:reset_req (reset_req)"
Warning: embcpumem: "No matching role found for rst_controller:reset_out:reset_req (reset_req)"
Warning: embcpumem: "No matching role found for rst_controller:reset_out:reset_req (reset_req)"
Warning: embcpumem: "No matching role found for rst_controller:reset_out:reset_req (reset_req)"
Warning: embcpumem: "No matching role found for rst_controller:reset_out:reset_req (reset_req)"
Warning: embcpumem: "No matching role found for rst_controller:reset_out:reset_req (reset_req)"
Warning: embcpumem: "No matching role found for rst_controller:reset_out:reset_req (reset_req)"
Warning: embcpumem: "No matching role found for rst_controller:reset_out:reset_req (reset_req)"
Warning: embcpumem: "No matching role found for rst_controller:reset_out:reset_req (reset_req)"
Warning: embcpumem: "No matching role found for rst_controller:reset_out:reset_req (reset_req)"
Warning: embcpumem: "No matching role found for rst_controller:reset_out:reset_req (reset_req)"
Warning: embcpumem: "No matching role found for rst_controller:reset_out:reset_req (reset_req)"
Warning: embcpumem: "No matching role found for rst_controller:reset_out:reset_req (reset_req)"
Warning: embcpumem: "No matching role found for rst_controller:reset_out:reset_req (reset_req)"
Warning: embcpumem: "No matching role found for rst_controller:reset_out:reset_req (reset_req)"
Warning: embcpumem: "No matching role found for rst_controller:reset_out:reset_req (reset_req)"
Warning: embcpumem: "No matching role found for rst_controller:reset_out:reset_req (reset_req)"
Warning: embcpumem: "No matching role found for rst_controller:reset_out:reset_req (reset_req)"
Warning: embcpumem: "No matching role found for rst_controller:reset_out:reset_req (reset_req)"
Warning: embcpumem: "No matching role found for rst_controller:reset_out:reset_req (reset_req)"
Warning: embcpumem: "No matching role found for rst_controller:reset_out:reset_req (reset_req)"
Warning: embcpumem: "No matching role found for rst_controller:reset_out:reset_req (reset_req)"
Warning: embcpumem: "No matching role found for rst_controller:reset_out:reset_req (reset_req)"
Warning: embcpumem: "No matching role found for rst_controller:reset_out:reset_req (reset_req)"
Warning: embcpumem: "No matching role found for rst_controller:reset_out:reset_req (reset_req)"
Warning: embcpumem: "No matching role found for rst_controller:reset_out:reset_req (reset_req)"
Warning: embcpumem: "No matching role found for rst_controller:reset_out:reset_req (reset_req)"
Warning: embcpumem: "No matching role found for rst_controller:reset_out:reset_req (reset_req)"
Warning: embcpumem: "No matching role found for rst_controller:reset_out:reset_req (reset_req)"
Warning: embcpumem: "No matching role found for rst_controller:reset_out:reset_req (reset_req)"
Warning: embcpumem: "No matching role found for rst_controller:reset_out:reset_req (reset_req)"
Error: Generation stopped, 59 or more modules remaining
Info: embcpumem: Done embcpumem" with 26 modules, 16 files, 512009 bytes
Error: ip-generate failed with exit code 1: 2 Errors, 42 Warnings
Info: Finished: Create HDL design files for synthesis
