Flow report for my1_top
Fri May 05 16:48:03 2017
Quartus II 64-Bit Version 13.0.1 Build 232 06/12/2013 Service Pack 1 SJ Web Edition


---------------------
; Table of Contents ;
---------------------
  1. Legal Notice
  2. Flow Summary
  3. Flow Settings
  4. Flow Non-Default Global Settings
  5. Flow Elapsed Time
  6. Flow OS Summary
  7. Flow Log
  8. Flow Messages
  9. Flow Suppressed Messages



----------------
; Legal Notice ;
----------------
Copyright (C) 1991-2013 Altera Corporation
Your use of Altera Corporation's design tools, logic functions 
and other software and tools, and its AMPP partner logic 
functions, and any output files from any of the foregoing 
(including device programming or simulation files), and any 
associated documentation or information are expressly subject 
to the terms and conditions of the Altera Program License 
Subscription Agreement, Altera MegaCore Function License 
Agreement, or other applicable license agreement, including, 
without limitation, that your use is for the sole purpose of 
programming logic devices manufactured by Altera and sold by 
Altera or its authorized distributors.  Please refer to the 
applicable agreement for further details.



+--------------------------------------------------------------------------------------+
; Flow Summary                                                                         ;
+------------------------------------+-------------------------------------------------+
; Flow Status                        ; Successful - Fri May 05 16:48:03 2017           ;
; Quartus II 64-Bit Version          ; 13.0.1 Build 232 06/12/2013 SP 1 SJ Web Edition ;
; Revision Name                      ; my1_top                                         ;
; Top-level Entity Name              ; my1_top                                         ;
; Family                             ; Cyclone II                                      ;
; Device                             ; EP2C8Q208C8                                     ;
; Timing Models                      ; Final                                           ;
; Total logic elements               ; 2,340 / 8,256 ( 28 % )                          ;
;     Total combinational functions  ; 2,111 / 8,256 ( 26 % )                          ;
;     Dedicated logic registers      ; 1,348 / 8,256 ( 16 % )                          ;
; Total registers                    ; 1416                                            ;
; Total pins                         ; 65 / 138 ( 47 % )                               ;
; Total virtual pins                 ; 0                                               ;
; Total memory bits                  ; 141,312 / 165,888 ( 85 % )                      ;
; Embedded Multiplier 9-bit elements ; 0 / 36 ( 0 % )                                  ;
; Total PLLs                         ; 1 / 2 ( 50 % )                                  ;
+------------------------------------+-------------------------------------------------+


+-----------------------------------------+
; Flow Settings                           ;
+-------------------+---------------------+
; Option            ; Setting             ;
+-------------------+---------------------+
; Start date & time ; 05/05/2017 16:47:11 ;
; Main task         ; Compilation         ;
; Revision Name     ; my1_top             ;
+-------------------+---------------------+


+-----------------------------------------------------------------------------------------------------------------------------------------------------------------------------+
; Flow Non-Default Global Settings                                                                                                                                            ;
+-------------------------------------+-------------------------------------------------------------+---------------+----------------------------------+----------------------+
; Assignment Name                     ; Value                                                       ; Default Value ; Entity Name                      ; Section Id           ;
+-------------------------------------+-------------------------------------------------------------+---------------+----------------------------------+----------------------+
; COMPILER_SIGNATURE_ID               ; 277351192128545.149399203010872                             ; --            ; --                               ; --                   ;
; EDA_DESIGN_ENTRY_SYNTHESIS_TOOL     ; Design Compiler                                             ; <None>        ; --                               ; --                   ;
; EDA_INPUT_DATA_FORMAT               ; Vhdl                                                        ; --            ; --                               ; eda_design_synthesis ;
; EDA_INPUT_VCC_NAME                  ; Vdd                                                         ; --            ; --                               ; eda_design_synthesis ;
; EDA_LMF_FILE                        ; altsyn.lmf                                                  ; --            ; --                               ; eda_design_synthesis ;
; IP_TOOL_ENV                         ; Qsys                                                        ; --            ; altera_avalon_sc_fifo            ; --                   ;
; IP_TOOL_ENV                         ; Qsys                                                        ; --            ; altera_merlin_burst_adapter      ; --                   ;
; IP_TOOL_ENV                         ; Qsys                                                        ; --            ; altera_merlin_master_agent       ; --                   ;
; IP_TOOL_ENV                         ; Qsys                                                        ; --            ; altera_merlin_master_translator  ; --                   ;
; IP_TOOL_ENV                         ; Qsys                                                        ; --            ; altera_merlin_slave_agent        ; --                   ;
; IP_TOOL_ENV                         ; Qsys                                                        ; --            ; altera_merlin_slave_translator   ; --                   ;
; IP_TOOL_ENV                         ; Qsys                                                        ; --            ; altera_merlin_width_adapter      ; --                   ;
; IP_TOOL_ENV                         ; Qsys                                                        ; --            ; altera_reset_controller          ; --                   ;
; IP_TOOL_ENV                         ; Qsys                                                        ; --            ; embcpumem                        ; --                   ;
; IP_TOOL_ENV                         ; Qsys                                                        ; --            ; embcpumem_addr_router            ; --                   ;
; IP_TOOL_ENV                         ; Qsys                                                        ; --            ; embcpumem_addr_router_001        ; --                   ;
; IP_TOOL_ENV                         ; Qsys                                                        ; --            ; embcpumem_cmd_xbar_demux         ; --                   ;
; IP_TOOL_ENV                         ; Qsys                                                        ; --            ; embcpumem_cmd_xbar_demux_001     ; --                   ;
; IP_TOOL_ENV                         ; Qsys                                                        ; --            ; embcpumem_cmd_xbar_mux           ; --                   ;
; IP_TOOL_ENV                         ; Qsys                                                        ; --            ; embcpumem_id_router              ; --                   ;
; IP_TOOL_ENV                         ; Qsys                                                        ; --            ; embcpumem_id_router_002          ; --                   ;
; IP_TOOL_ENV                         ; Qsys                                                        ; --            ; embcpumem_id_router_003          ; --                   ;
; IP_TOOL_ENV                         ; Qsys                                                        ; --            ; embcpumem_irq_mapper             ; --                   ;
; IP_TOOL_ENV                         ; Qsys                                                        ; --            ; embcpumem_new_sdram_controller_0 ; --                   ;
; IP_TOOL_ENV                         ; Qsys                                                        ; --            ; embcpumem_nios2_qsys_0           ; --                   ;
; IP_TOOL_ENV                         ; Qsys                                                        ; --            ; embcpumem_onchip_memory2_0       ; --                   ;
; IP_TOOL_ENV                         ; Qsys                                                        ; --            ; embcpumem_rsp_xbar_demux_002     ; --                   ;
; IP_TOOL_ENV                         ; Qsys                                                        ; --            ; embcpumem_rsp_xbar_mux           ; --                   ;
; IP_TOOL_ENV                         ; Qsys                                                        ; --            ; embcpumem_rsp_xbar_mux_001       ; --                   ;
; IP_TOOL_NAME                        ; altera_avalon_sc_fifo                                       ; --            ; altera_avalon_sc_fifo            ; --                   ;
; IP_TOOL_NAME                        ; altera_merlin_burst_adapter                                 ; --            ; altera_merlin_burst_adapter      ; --                   ;
; IP_TOOL_NAME                        ; altera_merlin_master_agent                                  ; --            ; altera_merlin_master_agent       ; --                   ;
; IP_TOOL_NAME                        ; altera_merlin_master_translator                             ; --            ; altera_merlin_master_translator  ; --                   ;
; IP_TOOL_NAME                        ; altera_merlin_slave_agent                                   ; --            ; altera_merlin_slave_agent        ; --                   ;
; IP_TOOL_NAME                        ; altera_merlin_slave_translator                              ; --            ; altera_merlin_slave_translator   ; --                   ;
; IP_TOOL_NAME                        ; altera_merlin_width_adapter                                 ; --            ; altera_merlin_width_adapter      ; --                   ;
; IP_TOOL_NAME                        ; altera_reset_controller                                     ; --            ; altera_reset_controller          ; --                   ;
; IP_TOOL_NAME                        ; Qsys                                                        ; --            ; embcpumem                        ; --                   ;
; IP_TOOL_NAME                        ; altera_merlin_router                                        ; --            ; embcpumem_addr_router            ; --                   ;
; IP_TOOL_NAME                        ; altera_merlin_router                                        ; --            ; embcpumem_addr_router_001        ; --                   ;
; IP_TOOL_NAME                        ; altera_merlin_demultiplexer                                 ; --            ; embcpumem_cmd_xbar_demux         ; --                   ;
; IP_TOOL_NAME                        ; altera_merlin_demultiplexer                                 ; --            ; embcpumem_cmd_xbar_demux_001     ; --                   ;
; IP_TOOL_NAME                        ; altera_merlin_multiplexer                                   ; --            ; embcpumem_cmd_xbar_mux           ; --                   ;
; IP_TOOL_NAME                        ; altera_merlin_router                                        ; --            ; embcpumem_id_router              ; --                   ;
; IP_TOOL_NAME                        ; altera_merlin_router                                        ; --            ; embcpumem_id_router_002          ; --                   ;
; IP_TOOL_NAME                        ; altera_merlin_router                                        ; --            ; embcpumem_id_router_003          ; --                   ;
; IP_TOOL_NAME                        ; altera_irq_mapper                                           ; --            ; embcpumem_irq_mapper             ; --                   ;
; IP_TOOL_NAME                        ; altera_avalon_new_sdram_controller                          ; --            ; embcpumem_new_sdram_controller_0 ; --                   ;
; IP_TOOL_NAME                        ; altera_nios2_qsys                                           ; --            ; embcpumem_nios2_qsys_0           ; --                   ;
; IP_TOOL_NAME                        ; altera_avalon_onchip_memory2                                ; --            ; embcpumem_onchip_memory2_0       ; --                   ;
; IP_TOOL_NAME                        ; altera_merlin_demultiplexer                                 ; --            ; embcpumem_rsp_xbar_demux_002     ; --                   ;
; IP_TOOL_NAME                        ; altera_merlin_multiplexer                                   ; --            ; embcpumem_rsp_xbar_mux           ; --                   ;
; IP_TOOL_NAME                        ; altera_merlin_multiplexer                                   ; --            ; embcpumem_rsp_xbar_mux_001       ; --                   ;
; IP_TOOL_VERSION                     ; 13.0                                                        ; --            ; altera_avalon_sc_fifo            ; --                   ;
; IP_TOOL_VERSION                     ; 13.0                                                        ; --            ; altera_merlin_burst_adapter      ; --                   ;
; IP_TOOL_VERSION                     ; 13.0                                                        ; --            ; altera_merlin_master_agent       ; --                   ;
; IP_TOOL_VERSION                     ; 13.0                                                        ; --            ; altera_merlin_master_translator  ; --                   ;
; IP_TOOL_VERSION                     ; 13.0                                                        ; --            ; altera_merlin_slave_agent        ; --                   ;
; IP_TOOL_VERSION                     ; 13.0                                                        ; --            ; altera_merlin_slave_translator   ; --                   ;
; IP_TOOL_VERSION                     ; 13.0                                                        ; --            ; altera_merlin_width_adapter      ; --                   ;
; IP_TOOL_VERSION                     ; 13.0                                                        ; --            ; altera_reset_controller          ; --                   ;
; IP_TOOL_VERSION                     ; 13.0sp1                                                     ; --            ; embcpumem                        ; --                   ;
; IP_TOOL_VERSION                     ; 13.0                                                        ; --            ; embcpumem_addr_router            ; --                   ;
; IP_TOOL_VERSION                     ; 13.0                                                        ; --            ; embcpumem_addr_router_001        ; --                   ;
; IP_TOOL_VERSION                     ; 13.0                                                        ; --            ; embcpumem_cmd_xbar_demux         ; --                   ;
; IP_TOOL_VERSION                     ; 13.0                                                        ; --            ; embcpumem_cmd_xbar_demux_001     ; --                   ;
; IP_TOOL_VERSION                     ; 13.0                                                        ; --            ; embcpumem_cmd_xbar_mux           ; --                   ;
; IP_TOOL_VERSION                     ; 13.0                                                        ; --            ; embcpumem_id_router              ; --                   ;
; IP_TOOL_VERSION                     ; 13.0                                                        ; --            ; embcpumem_id_router_002          ; --                   ;
; IP_TOOL_VERSION                     ; 13.0                                                        ; --            ; embcpumem_id_router_003          ; --                   ;
; IP_TOOL_VERSION                     ; 13.0                                                        ; --            ; embcpumem_irq_mapper             ; --                   ;
; IP_TOOL_VERSION                     ; 13.0.1.99.2                                                 ; --            ; embcpumem_new_sdram_controller_0 ; --                   ;
; IP_TOOL_VERSION                     ; 13.0                                                        ; --            ; embcpumem_nios2_qsys_0           ; --                   ;
; IP_TOOL_VERSION                     ; 13.0.1.99.2                                                 ; --            ; embcpumem_onchip_memory2_0       ; --                   ;
; IP_TOOL_VERSION                     ; 13.0                                                        ; --            ; embcpumem_rsp_xbar_demux_002     ; --                   ;
; IP_TOOL_VERSION                     ; 13.0                                                        ; --            ; embcpumem_rsp_xbar_mux           ; --                   ;
; IP_TOOL_VERSION                     ; 13.0                                                        ; --            ; embcpumem_rsp_xbar_mux_001       ; --                   ;
; MAX_CORE_JUNCTION_TEMP              ; 85                                                          ; --            ; --                               ; --                   ;
; MIN_CORE_JUNCTION_TEMP              ; 0                                                           ; --            ; --                               ; --                   ;
; MISC_FILE                           ; embcpumem/synthesis/../../embcpumem.cmp                     ; --            ; --                               ; --                   ;
; MISC_FILE                           ; embcpumem/synthesis/../../embcpumem.qsys                    ; --            ; --                               ; --                   ;
; PARTITION_COLOR                     ; 16764057                                                    ; --            ; --                               ; Top                  ;
; PARTITION_FITTER_PRESERVATION_LEVEL ; PLACEMENT_AND_ROUTING                                       ; --            ; --                               ; Top                  ;
; PARTITION_NETLIST_TYPE              ; SOURCE                                                      ; --            ; --                               ; Top                  ;
; POWER_BOARD_THERMAL_MODEL           ; None (CONSERVATIVE)                                         ; --            ; --                               ; --                   ;
; POWER_PRESET_COOLING_SOLUTION       ; 23 MM HEAT SINK WITH 200 LFPM AIRFLOW                       ; --            ; --                               ; --                   ;
; SEARCH_PATH                         ; software/emb6/mem_init/                                     ; --            ; --                               ; --                   ;
; SLD_INFO                            ; QSYS_NAME embcpumem HAS_SOPCINFO 1 GENERATION_ID 1493991979 ; --            ; embcpumem                        ; --                   ;
; SOPCINFO_FILE                       ; embcpumem/synthesis/../../embcpumem.sopcinfo                ; --            ; --                               ; --                   ;
; SYNTHESIS_ONLY_QIP                  ; On                                                          ; --            ; --                               ; --                   ;
+-------------------------------------+-------------------------------------------------------------+---------------+----------------------------------+----------------------+


+-------------------------------------------------------------------------------------------------------------------------------+
; Flow Elapsed Time                                                                                                             ;
+---------------------------+--------------+-------------------------+---------------------+------------------------------------+
; Module Name               ; Elapsed Time ; Average Processors Used ; Peak Virtual Memory ; Total CPU Time (on all processors) ;
+---------------------------+--------------+-------------------------+---------------------+------------------------------------+
; Analysis & Synthesis      ; 00:00:31     ; 1.0                     ; 593 MB              ; 00:00:31                           ;
; Fitter                    ; 00:00:12     ; 1.0                     ; 635 MB              ; 00:00:12                           ;
; Assembler                 ; 00:00:01     ; 1.0                     ; 445 MB              ; 00:00:01                           ;
; TimeQuest Timing Analyzer ; 00:00:01     ; 1.0                     ; 435 MB              ; 00:00:02                           ;
; Total                     ; 00:00:45     ; --                      ; --                  ; 00:00:46                           ;
+---------------------------+--------------+-------------------------+---------------------+------------------------------------+


+----------------------------------------------------------------------------------------+
; Flow OS Summary                                                                        ;
+---------------------------+------------------+-----------+------------+----------------+
; Module Name               ; Machine Hostname ; OS Name   ; OS Version ; Processor type ;
+---------------------------+------------------+-----------+------------+----------------+
; Analysis & Synthesis      ; EPUAKHAW0482     ; Windows 7 ; 6.2        ; x86_64         ;
; Fitter                    ; EPUAKHAW0482     ; Windows 7 ; 6.2        ; x86_64         ;
; Assembler                 ; EPUAKHAW0482     ; Windows 7 ; 6.2        ; x86_64         ;
; TimeQuest Timing Analyzer ; EPUAKHAW0482     ; Windows 7 ; 6.2        ; x86_64         ;
+---------------------------+------------------+-----------+------------+----------------+


------------
; Flow Log ;
------------
quartus_map --read_settings_files=on --write_settings_files=off my1 -c my1_top
quartus_fit --read_settings_files=off --write_settings_files=off my1 -c my1_top
quartus_asm --read_settings_files=off --write_settings_files=off my1 -c my1_top
quartus_sta my1 -c my1_top
quartus_eda --read_settings_files=off --write_settings_files=off my1 -c my1_top



