Info: Starting: Create block symbol file (.bsf)
Info: ip-generate --project-directory=D:/speccy/my1/ --output-directory=D:/speccy/my1/my1/ --report-file=bsf:D:/speccy/my1/my1.bsf --system-info=DEVICE_FAMILY="Cyclone II" --system-info=DEVICE=EP2C8Q208C8 --system-info=DEVICE_SPEEDGRADE=8 --component-file=D:/speccy/my1/my1.qsys
Progress: Loading my1/my1.qsys
Progress: Reading input file
Progress: Adding clk_0 [clock_source 13.0]
Progress: Parameterizing module clk_0
Progress: Adding nios2_qsys_0 [altera_nios2_qsys 13.0]
Progress: Parameterizing module nios2_qsys_0
Progress: Adding onchip_memory2_0 [altera_avalon_onchip_memory2 13.0.1.99.2]
Progress: Parameterizing module onchip_memory2_0
Progress: Building connections
Progress: Parameterizing connections
Progress: Validating
Progress: Done reading input file
Info: ip-generate succeeded.
Info: Finished: Create block symbol file (.bsf)
Info: 
Info: Starting: Create HDL design files for synthesis
Info: ip-generate --project-directory=D:/speccy/my1/ --output-directory=D:/speccy/my1/my1/synthesis/ --file-set=QUARTUS_SYNTH --report-file=sopcinfo:D:/speccy/my1/my1.sopcinfo --report-file=html:D:/speccy/my1/my1.html --report-file=qip:D:/speccy/my1/my1/synthesis/my1.qip --report-file=cmp:D:/speccy/my1/my1.cmp --report-file=svd --system-info=DEVICE_FAMILY="Cyclone II" --system-info=DEVICE=EP2C8Q208C8 --system-info=DEVICE_SPEEDGRADE=8 --component-file=D:/speccy/my1/my1.qsys --language=VERILOG
Progress: Loading my1/my1.qsys
Progress: Reading input file
Progress: Adding clk_0 [clock_source 13.0]
Progress: Parameterizing module clk_0
Progress: Adding nios2_qsys_0 [altera_nios2_qsys 13.0]
Progress: Parameterizing module nios2_qsys_0
Progress: Adding onchip_memory2_0 [altera_avalon_onchip_memory2 13.0.1.99.2]
Progress: Parameterizing module onchip_memory2_0
Progress: Building connections
Progress: Parameterizing connections
Progress: Validating
Progress: Done reading input file
Info: my1: Generating my1 "my1" for QUARTUS_SYNTH
Info: pipeline_bridge_swap_transform: After transform: 3 modules, 8 connections
Info: No custom instruction connections, skipping transform 
Info: merlin_translator_transform: After transform: 7 modules, 20 connections
Info: merlin_domain_transform: After transform: 14 modules, 54 connections
Info: merlin_router_transform: After transform: 18 modules, 66 connections
Info: reset_adaptation_transform: After transform: 19 modules, 68 connections
Info: merlin_network_to_switch_transform: After transform: 26 modules, 84 connections
Info: merlin_mm_transform: After transform: 26 modules, 84 connections
Info: merlin_interrupt_mapper_transform: After transform: 27 modules, 87 connections
Warning: my1: "No matching role found for rst_controller:reset_out:reset_req (reset_req)"
Warning: my1: "No matching role found for rst_controller:reset_out:reset_req (reset_req)"
Warning: my1: "No matching role found for rst_controller:reset_out:reset_req (reset_req)"
Warning: my1: "No matching role found for rst_controller:reset_out:reset_req (reset_req)"
Warning: my1: "No matching role found for rst_controller:reset_out:reset_req (reset_req)"
Warning: my1: "No matching role found for rst_controller:reset_out:reset_req (reset_req)"
Warning: my1: "No matching role found for rst_controller:reset_out:reset_req (reset_req)"
Warning: my1: "No matching role found for rst_controller:reset_out:reset_req (reset_req)"
Warning: my1: "No matching role found for rst_controller:reset_out:reset_req (reset_req)"
Warning: my1: "No matching role found for rst_controller:reset_out:reset_req (reset_req)"
Warning: my1: "No matching role found for rst_controller:reset_out:reset_req (reset_req)"
Warning: my1: "No matching role found for rst_controller:reset_out:reset_req (reset_req)"
Warning: my1: "No matching role found for rst_controller:reset_out:reset_req (reset_req)"
Warning: my1: "No matching role found for rst_controller:reset_out:reset_req (reset_req)"
Warning: my1: "No matching role found for rst_controller:reset_out:reset_req (reset_req)"
Warning: my1: "No matching role found for rst_controller:reset_out:reset_req (reset_req)"
Warning: my1: "No matching role found for rst_controller:reset_out:reset_req (reset_req)"
Warning: my1: "No matching role found for rst_controller:reset_out:reset_req (reset_req)"
Warning: my1: "No matching role found for rst_controller:reset_out:reset_req (reset_req)"
Warning: my1: "No matching role found for rst_controller:reset_out:reset_req (reset_req)"
Warning: my1: "No matching role found for rst_controller:reset_out:reset_req (reset_req)"
Warning: my1: "No matching role found for rst_controller:reset_out:reset_req (reset_req)"
Warning: my1: "No matching role found for rst_controller:reset_out:reset_req (reset_req)"
Warning: my1: "No matching role found for rst_controller:reset_out:reset_req (reset_req)"
Info: nios2_qsys_0: Starting RTL generation for module 'my1_nios2_qsys_0'
Info: nios2_qsys_0:   Generation command is [exec C:/altera/13.0sp1/quartus/../ip/altera/nios2_ip/altera_nios2/eperl.exe -I C:/altera/13.0sp1/quartus/common/ip/altera/common/perl/5.8.3 -I C:/altera/13.0sp1/quartus/sopc_builder/bin/europa -I C:/altera/13.0sp1/quartus/sopc_builder/bin/perl_lib -I C:/altera/13.0sp1/quartus/sopc_builder/bin -I C:/altera/13.0sp1/quartus/../ip/altera/nios2_ip/altera_nios2/cpu_lib -I C:/altera/13.0sp1/quartus/../ip/altera/nios2_ip/altera_nios2/nios_lib -I C:/altera/13.0sp1/quartus/../ip/altera/nios2_ip/altera_nios2 -I C:/altera/13.0sp1/quartus/../ip/altera/nios2_ip/altera_nios2 -- C:/altera/13.0sp1/quartus/../ip/altera/nios2_ip/altera_nios2/generate_rtl.epl --name=my1_nios2_qsys_0 --dir=C:/Users/SERGIY~1/AppData/Local/Temp/alt7264_1399347397875638294.dir/0001_nios2_qsys_0_gen/ --quartus_dir=C:/altera/13.0sp1/quartus --verilog --config=C:/Users/SERGIY~1/AppData/Local/Temp/alt7264_1399347397875638294.dir/0001_nios2_qsys_0_gen//my1_nios2_qsys_0_processor_configuration.pl  --do_build_sim=0    --bogus  ]
Info: nios2_qsys_0: # 2017.04.08 22:20:40 (*) Starting Nios II generation
Info: nios2_qsys_0: # 2017.04.08 22:20:40 (*)   Checking for plaintext license.
Info: nios2_qsys_0: # 2017.04.08 22:20:41 (*)   Couldn't query license setup in Quartus directory C:/altera/13.0sp1/quartus
Info: nios2_qsys_0: # 2017.04.08 22:20:41 (*)   Defaulting to contents of LM_LICENSE_FILE environment variable
Info: nios2_qsys_0: # 2017.04.08 22:20:41 (*)   LM_LICENSE_FILE environment variable is empty
Info: nios2_qsys_0: # 2017.04.08 22:20:41 (*)   Plaintext license not found.
Info: nios2_qsys_0: # 2017.04.08 22:20:41 (*)   No license required to generate encrypted Nios II/e.
Info: nios2_qsys_0: # 2017.04.08 22:20:41 (*)   Elaborating CPU configuration settings
Info: nios2_qsys_0: # 2017.04.08 22:20:41 (*)   Creating all objects for CPU
Info: nios2_qsys_0: # 2017.04.08 22:20:44 (*)   Generating RTL from CPU objects
Info: nios2_qsys_0: # 2017.04.08 22:20:44 (*)   Creating plain-text RTL
Info: nios2_qsys_0: # 2017.04.08 22:20:47 (*) Done Nios II generation
Info: nios2_qsys_0: Done RTL generation for module 'my1_nios2_qsys_0'
Info: nios2_qsys_0: "my1" instantiated altera_nios2_qsys "nios2_qsys_0"
Info: onchip_memory2_0: Starting RTL generation for module 'my1_onchip_memory2_0'
Info: onchip_memory2_0:   Generation command is [exec C:/altera/13.0sp1/quartus/bin/perl/bin/perl.exe -I C:/altera/13.0sp1/quartus/common/ip/altera/common/perl/5.8.3 -I C:/altera/13.0sp1/quartus/sopc_builder/bin/europa -I C:/altera/13.0sp1/quartus/sopc_builder/bin/perl_lib -I C:/altera/13.0sp1/quartus/sopc_builder/bin -I C:/altera/13.0sp1/quartus/../ip/altera/sopc_builder_ip/common -I C:/altera/13.0sp1/quartus/../ip/altera/sopc_builder_ip/altera_avalon_onchip_memory2 -- C:/altera/13.0sp1/quartus/../ip/altera/sopc_builder_ip/altera_avalon_onchip_memory2/generate_rtl.pl --name=my1_onchip_memory2_0 --dir=C:/Users/SERGIY~1/AppData/Local/Temp/alt7264_1399347397875638294.dir/0002_onchip_memory2_0_gen/ --quartus_dir=C:/altera/13.0sp1/quartus --verilog --config=C:/Users/SERGIY~1/AppData/Local/Temp/alt7264_1399347397875638294.dir/0002_onchip_memory2_0_gen//my1_onchip_memory2_0_component_configuration.pl  --do_build_sim=0  ]
Info: onchip_memory2_0: Done RTL generation for module 'my1_onchip_memory2_0'
Info: onchip_memory2_0: "my1" instantiated altera_avalon_onchip_memory2 "onchip_memory2_0"
Info: nios2_qsys_0_instruction_master_translator: "my1" instantiated altera_merlin_master_translator "nios2_qsys_0_instruction_master_translator"
Info: nios2_qsys_0_jtag_debug_module_translator: "my1" instantiated altera_merlin_slave_translator "nios2_qsys_0_jtag_debug_module_translator"
Info: nios2_qsys_0_instruction_master_translator_avalon_universal_master_0_agent: "my1" instantiated altera_merlin_master_agent "nios2_qsys_0_instruction_master_translator_avalon_universal_master_0_agent"
Info: nios2_qsys_0_jtag_debug_module_translator_avalon_universal_slave_0_agent: "my1" instantiated altera_merlin_slave_agent "nios2_qsys_0_jtag_debug_module_translator_avalon_universal_slave_0_agent"
Info: nios2_qsys_0_jtag_debug_module_translator_avalon_universal_slave_0_agent_rsp_fifo: "my1" instantiated altera_avalon_sc_fifo "nios2_qsys_0_jtag_debug_module_translator_avalon_universal_slave_0_agent_rsp_fifo"
Info: addr_router: "my1" instantiated altera_merlin_router "addr_router"
Info: id_router: "my1" instantiated altera_merlin_router "id_router"
Info: rst_controller: "my1" instantiated altera_reset_controller "rst_controller"
Info: cmd_xbar_demux: "my1" instantiated altera_merlin_demultiplexer "cmd_xbar_demux"
Info: cmd_xbar_mux: "my1" instantiated altera_merlin_multiplexer "cmd_xbar_mux"
Info: rsp_xbar_mux: "my1" instantiated altera_merlin_multiplexer "rsp_xbar_mux"
Info: Reusing file D:/speccy/my1/my1/synthesis/submodules/altera_merlin_arbitrator.sv
Info: irq_mapper: "my1" instantiated altera_irq_mapper "irq_mapper"
Info: my1: Done my1" with 15 modules, 44 files, 800820 bytes
Info: ip-generate succeeded.
Info: Finished: Create HDL design files for synthesis
